<?xml version="1.0" encoding="UTF-8"?>
<!-- Generated by org.testng.reporters.JUnitReportReporter -->
<testsuite hostname="MAHESH" failures="0" tests="1" name="driverFactory.AppTest" time="46.143" errors="0" timestamp="2024-07-23T10:31:38 IST" skipped="0">
  <testcase classname="driverFactory.AppTest" name="kickStart" time="46.143"/>
</testsuite> <!-- driverFactory.AppTest -->
