<?xml version="1.0" encoding="UTF-8"?>
<!-- Generated by org.testng.reporters.JUnitReportReporter -->
<testsuite hostname="MAHESH" failures="0" tests="1" name="driverFactory.AppTest" time="58.437" errors="0" timestamp="2024-08-11T16:51:20 IST" skipped="0">
  <testcase classname="driverFactory.AppTest" name="kickStart" time="58.437">
    <system-out>
      <![CDATA[Customer-00000009739      Customer-00000009739]]>
    </system-out>
  </testcase> <!-- kickStart -->
  <system-out>
    <![CDATA[Customer-00000009739      Customer-00000009739]]>
  </system-out>
</testsuite> <!-- driverFactory.AppTest -->
